<?xml version="1.0" encoding="UTF-8" ?>
<testsuite tests="5" failures="0" name="Test1" time="0.008" errors="0" skipped="0">
  <properties>
    <property name="java.runtime.name" value="Java(TM) SE Runtime Environment"/>
    <property name="sun.boot.library.path" value="D:\WorkApplication\JDK\jre\bin"/>
    <property name="java.vm.version" value="25.231-b11"/>
    <property name="java.vm.vendor" value="Oracle Corporation"/>
    <property name="maven.multiModuleProjectDirectory" value="D:\WorkSpace\WorkSpace\TissueBank-New-ZSFE\BackupFiles"/>
    <property name="java.vendor.url" value="http://java.oracle.com/"/>
    <property name="path.separator" value=";"/>
    <property name="guice.disable.misplaced.annotation.check" value="true"/>
    <property name="java.vm.name" value="Java HotSpot(TM) 64-Bit Server VM"/>
    <property name="file.encoding.pkg" value="sun.io"/>
    <property name="user.script" value=""/>
    <property name="user.country" value="CN"/>
    <property name="sun.java.launcher" value="SUN_STANDARD"/>
    <property name="sun.os.patch.level" value=""/>
    <property name="java.vm.specification.name" value="Java Virtual Machine Specification"/>
    <property name="user.dir" value="D:\WorkSpace\WorkSpace\TissueBank-New-ZSFE\BackupFiles"/>
    <property name="java.runtime.version" value="1.8.0_231-b11"/>
    <property name="java.awt.graphicsenv" value="sun.awt.Win32GraphicsEnvironment"/>
    <property name="java.endorsed.dirs" value="D:\WorkApplication\JDK\jre\lib\endorsed"/>
    <property name="os.arch" value="amd64"/>
    <property name="java.io.tmpdir" value="C:\Users\coffee\AppData\Local\Temp\"/>
    <property name="line.separator" value="
"/>
    <property name="java.vm.specification.vendor" value="Oracle Corporation"/>
    <property name="user.variant" value=""/>
    <property name="os.name" value="Windows 10"/>
    <property name="classworlds.conf" value="D:\WorkApplication\IntelliJ IDEA 2019.1\plugins\maven\lib\maven3\bin\m2.conf"/>
    <property name="sun.jnu.encoding" value="GBK"/>
    <property name="java.library.path" value="D:\WorkApplication\JDK\bin;C:\windows\Sun\Java\bin;C:\windows\system32;C:\windows;D:\WorkApplication\ActivePerl\site\bin;D:\WorkApplication\ActivePerl\bin;C:\Program Files (x86)\Common Files\Oracle\Java\javapath;C:\windows\system32;C:\windows;C:\windows\System32\Wbem;C:\windows\System32\WindowsPowerShell\v1.0\;C:\windows\System32\OpenSSH\;C:\Program Files (x86)\NVIDIA Corporation\PhysX\Common;C:\Program Files\NVIDIA Corporation\NVIDIA NvDLISR;C:\Program Files\MySQL\MySQL Server 8.0\bin;D:\WorkApplication\Microsoft VS Code\bin;D:\WorkApplication\node.js\;D:\WorkApplication\TortoiseGit\bin;JAVA_HOME\bin;D:\WorkApplication\Maven\apache-maven-3.6.3\bin;D:\WorkApplication\node.js\node_global;D:\WorkApplication\Jmeter\apache-jmeter-5.2.1\apache-jmeter-5.2.1\lib\ext\ApacheJMeter_core.jar;D:\WorkApplication\Jmeter\apache-jmeter-5.2.1\apache-jmeter-5.2.1\lib\jorphan.jar;D:\WorkApplication\Jmeter\apache-jmeter-5.2.1\apache-jmeter-5.2.1\lib\logkit-2.0.jar;D:\WorkApplication\ELang\erl-23.0\bin;C:\Program Files (x86)\MySQL\MySQL Server 5.5\bin;D:\WorkApplication\SVN\bin;D:\WorkApplication\MogonDB\bin;C:\Users\coffee\AppData\Local\Microsoft\WindowsApps;;D:\WorkApplication\IntelliJ IDEA 2019.1\bin;;D:\WorkApplication\Webstorm\WebStorm 2019.3\bin;;C:\Users\coffee\AppData\Roaming\npm;."/>
    <property name="java.specification.name" value="Java Platform API Specification"/>
    <property name="java.class.version" value="52.0"/>
    <property name="sun.management.compiler" value="HotSpot 64-Bit Tiered Compilers"/>
    <property name="os.version" value="10.0"/>
    <property name="user.home" value="C:\Users\coffee"/>
    <property name="user.timezone" value="GMT+08:00"/>
    <property name="java.awt.printerjob" value="sun.awt.windows.WPrinterJob"/>
    <property name="java.specification.version" value="1.8"/>
    <property name="file.encoding" value="UTF-8"/>
    <property name="user.name" value="coffee"/>
    <property name="java.class.path" value="D:\WorkApplication\IntelliJ IDEA 2019.1\plugins\maven\lib\maven3\boot\plexus-classworlds-2.5.2.jar;D:\WorkApplication\IntelliJ IDEA 2019.1\lib\idea_rt.jar"/>
    <property name="java.vm.specification.version" value="1.8"/>
    <property name="sun.arch.data.model" value="64"/>
    <property name="java.home" value="D:\WorkApplication\JDK\jre"/>
    <property name="sun.java.command" value="org.codehaus.classworlds.Launcher -Didea.version2019.1 -s D:\WorkApplication\Maven\apache-maven-3.6.3\conf\settings.xml install"/>
    <property name="java.specification.vendor" value="Oracle Corporation"/>
    <property name="user.language" value="zh"/>
    <property name="awt.toolkit" value="sun.awt.windows.WToolkit"/>
    <property name="java.vm.info" value="mixed mode"/>
    <property name="java.version" value="1.8.0_231"/>
    <property name="java.ext.dirs" value="D:\WorkApplication\JDK\jre\lib\ext;C:\windows\Sun\Java\lib\ext"/>
    <property name="sun.boot.class.path" value="D:\WorkApplication\JDK\jre\lib\resources.jar;D:\WorkApplication\JDK\jre\lib\rt.jar;D:\WorkApplication\JDK\jre\lib\sunrsasign.jar;D:\WorkApplication\JDK\jre\lib\jsse.jar;D:\WorkApplication\JDK\jre\lib\jce.jar;D:\WorkApplication\JDK\jre\lib\charsets.jar;D:\WorkApplication\JDK\jre\lib\jfr.jar;D:\WorkApplication\JDK\jre\classes"/>
    <property name="java.vendor" value="Oracle Corporation"/>
    <property name="maven.home" value="D:\WorkApplication\IntelliJ IDEA 2019.1\plugins\maven\lib\maven3"/>
    <property name="file.separator" value="\"/>
    <property name="java.vendor.url.bug" value="http://bugreport.sun.com/bugreport/"/>
    <property name="idea.version2019.1" value="true"/>
    <property name="sun.cpu.endian" value="little"/>
    <property name="sun.io.unicode.encoding" value="UnicodeLittle"/>
    <property name="sun.desktop" value="windows"/>
    <property name="sun.cpu.isalist" value="amd64"/>
  </properties>
  <testcase classname="Test1" name="test" time="0.002"/>
  <testcase classname="Test1" name="test2" time="0"/>
  <testcase classname="Test1" name="test3" time="0"/>
  <testcase classname="Test1" name="test4" time="0"/>
  <testcase classname="Test1" name="test5" time="0.006"/>
</testsuite>